


ARM Macro Assembler    Page 1 


    1 00000000         ;*******************************************************
                       ***********************
    2 00000000         ;
    3 00000000         ;  Copyright(C) 2015 NXP Semiconductors N.V.
    4 00000000         ;  All rights reserved.
    5 00000000         ;
    6 00000000         ;*******************************************************
                       ***********************
    7 00000000         ; * @file     startup.s
    8 00000000         ; * @brief    CMSIS Cortex-M0 Core Device Startup File f
                       or
    9 00000000         ; *           Device QN9020
   10 00000000         ; * @version  V3.01
   11 00000000         ; * @date     06. March 2012
   12 00000000         ; *
   13 00000000         ; * @note
   14 00000000         ; * Copyright (C) 2012 ARM Limited. All rights reserved.
                       
   15 00000000         ; *
   16 00000000         ; * @par
   17 00000000         ; * ARM Limited (ARM) is supplying this software for use
                        with Cortex-M
   18 00000000         ; * processor based microcontrollers.  This file can be 
                       freely distributed
   19 00000000         ; * within development tools that are supporting such AR
                       M based processors.
   20 00000000         ; *
   21 00000000         ; * @par
   22 00000000         ; * THIS SOFTWARE IS PROVIDED "AS IS".  NO WARRANTIES, W
                       HETHER EXPRESS, IMPLIED
   23 00000000         ; * OR STATUTORY, INCLUDING, BUT NOT LIMITED TO, IMPLIED
                        WARRANTIES OF
   24 00000000         ; * MERCHANTABILITY AND FITNESS FOR A PARTICULAR PURPOSE
                        APPLY TO THIS SOFTWARE.
   25 00000000         ; * ARM SHALL NOT, IN ANY CIRCUMSTANCES, BE LIABLE FOR S
                       PECIAL, INCIDENTAL, OR
   26 00000000         ; * CONSEQUENTIAL DAMAGES, FOR ANY REASON WHATSOEVER.
   27 00000000         ; *
   28 00000000         ; ******************************************************
                       ************************/
   29 00000000         ;/*
   30 00000000         ;//-------- <<< Use Configuration Wizard in Context Menu
                        >>> ------------------
   31 00000000         ;*/
   32 00000000         
   33 00000000 40000080 
                       SYS_MODE_REG
                               EQU              0x40000080
   34 00000000 40000000 
                       REMAP_BIT
                               EQU              0x40000000
   35 00000000         
   36 00000000         ; <h> Stack Configuration
   37 00000000         ;   <o> Stack Size (in Bytes) <0x0-0xFFFFFFFF:8>
   38 00000000         ; </h>
   39 00000000         
   40 00000000 00000200 
                       Stack_Size
                               EQU              0x00000200



ARM Macro Assembler    Page 2 


   41 00000000         
   42 00000000                 AREA             STACK, NOINIT, READWRITE, ALIGN
=3
   43 00000000         Stack_Mem
                               SPACE            Stack_Size
   44 00000200         __initial_sp
   45 00000200         
   46 00000200         
   47 00000200         ; <h> Heap Configuration
   48 00000200         ;   <o>  Heap Size (in Bytes) <0x0-0xFFFFFFFF:8>
   49 00000200         ; </h>
   50 00000200         
   51 00000200 00000000 
                       Heap_Size
                               EQU              0x00000000
   52 00000200         
   53 00000200                 AREA             HEAP, NOINIT, READWRITE, ALIGN=
3
   54 00000000         __heap_base
   55 00000000         Heap_Mem
                               SPACE            Heap_Size
   56 00000000         __heap_limit
   57 00000000         
   58 00000000         
   59 00000000                 PRESERVE8
   60 00000000                 THUMB
   61 00000000         
   62 00000000         
   63 00000000         ; Vector Table Mapped to Address 0 at Reset
   64 00000000         
   65 00000000                 AREA             RESET, DATA, READONLY
   66 00000000                 EXPORT           __Vectors
   67 00000000                 EXPORT           __Vectors_End
   68 00000000                 EXPORT           __Vectors_Size
   69 00000000         
   70 00000000 00000000 
                       __Vectors
                               DCD              __initial_sp ; Top of Stack
   71 00000004 00000000        DCD              Reset_Handler ; Reset Handler
   72 00000008 00000000        DCD              NMI_Handler ; NMI Handler
   73 0000000C 00000000        DCD              HardFault_Handler ; Hard Fault 
                                                            Handler
   74 00000010 00000000        DCD              MemManage_Handler 
                                                            ; MPU Fault Handler
                                                            
   75 00000014 00000000        DCD              BusFault_Handler 
                                                            ; Bus Fault Handler
                                                            
   76 00000018 00000000        DCD              UsageFault_Handler ; Usage Faul
                                                            t Handler
   77 0000001C 00000000        DCD              0           ; Reserved
   78 00000020 00000000        DCD              0           ; Reserved
   79 00000024 00000000        DCD              0           ; Reserved
   80 00000028 00000000        DCD              0           ; Reserved
   81 0000002C 00000000        DCD              SVC_Handler ; SVCall Handler
   82 00000030 00000000        DCD              DebugMon_Handler ; Debug Monito
                                                            r Handler
   83 00000034 00000000        DCD              0           ; Reserved
   84 00000038 00000000        DCD              PendSV_Handler ; PendSV Handler



ARM Macro Assembler    Page 3 


                                                            
   85 0000003C 00000000        DCD              SysTick_Handler 
                                                            ; SysTick Handler
   86 00000040         
   87 00000040         ; External Interrupts
   88 00000040         ; ToDo:  Add here the vectors for the device specific ex
                       ternal interrupts handler
   89 00000040 00000000        DCD              GPIO_IRQHandler 
                                                            ;  0:  GPIO Event
   90 00000044 00000000        DCD              ACMP0_IRQHandler ;  1:  ACMP0
   91 00000048 00000000        DCD              ACMP1_IRQHandler ;  2:  ACMP1
   92 0000004C 00000000        DCD              BLE_IRQHandler ;  3:  BLE
   93 00000050 00000000        DCD              RTC_CAP_IRQHandler 
                                                            ;  4:  RTC capture
   94 00000054 00000000        DCD              OSC_EN_IRQHandler ;  5:  BLE IP
                                                             OSC_EN output
   95 00000058 00000000        DCD              RTC_IRQHandler ;  6:  RTC
   96 0000005C 00000000        DCD              ADC_IRQHandler ;  7:  ADC
   97 00000060 00000000        DCD              DMA_IRQHandler ;  8:  DMA
   98 00000064 00000000        DCD              0           ;  9:  Reserved
   99 00000068 00000000        DCD              UART0_TX_IRQHandler 
                                                            ; 10:  UART0 TX
  100 0000006C 00000000        DCD              UART0_RX_IRQHandler 
                                                            ; 11:  UART0 RX
  101 00000070 00000000        DCD              SPI0_IRQHandler ; 12:  SPI0 TX
  102 00000074 00000000        DCD              SPI0_IRQHandler ; 13:  SPI0 RX
  103 00000078 00000000        DCD              UART1_TX_IRQHandler 
                                                            ; 14:  UART1 TX
  104 0000007C 00000000        DCD              UART1_RX_IRQHandler 
                                                            ; 15:  UART1 RX
  105 00000080 00000000        DCD              SPI1_IRQHandler ; 16:  SPI1 TX
  106 00000084 00000000        DCD              SPI1_IRQHandler ; 17:  SPI1 RX
  107 00000088 00000000        DCD              I2C_IRQHandler ; 18:  I2C
  108 0000008C 00000000        DCD              TIMER0_IRQHandler 
                                                            ; 19:  Timer 0
  109 00000090 00000000        DCD              TIMER1_IRQHandler 
                                                            ; 20:  Timer 1
  110 00000094 00000000        DCD              TIMER2_IRQHandler 
                                                            ; 21:  Timer 2
  111 00000098 00000000        DCD              TIMER3_IRQHandler 
                                                            ; 22:  Timer 3
  112 0000009C 00000000        DCD              WDT_IRQHandler ; 23:  Watch Dog
                                                            
  113 000000A0 00000000        DCD              PWM0_IRQHandler ; 24:  PWM CH0
  114 000000A4 00000000        DCD              PWM1_IRQHandler ; 25:  PWM CH1
  115 000000A8 00000000        DCD              CALIB_IRQHandler 
                                                            ; 26:  Calibration
  116 000000AC 00000000        DCD              0           ; 27:  Reserved
  117 000000B0 00000000        DCD              0           ; 28:  Reserved
  118 000000B4 00000000        DCD              TUNER_RX_IRQHandler ; 29:  RF R
                                                            X Setting
  119 000000B8 00000000        DCD              TUNER_TX_IRQHandler ; 30:  RF T
                                                            X Setting
  120 000000BC 00000000        DCD              TUNER_SETTING_IRQHandler 
                                                            ; 31:  RF Setting
  121 000000C0         __Vectors_End
  122 000000C0         
  123 000000C0 000000C0 
                       __Vectors_Size



ARM Macro Assembler    Page 4 


                               EQU              __Vectors_End - __Vectors
  124 000000C0         
  125 000000C0                 AREA             |.text|, CODE, READONLY
  126 00000000         
  127 00000000         
  128 00000000         ; Reset Handler
  129 00000000         
  130 00000000         Reset_Handler
                               PROC
  131 00000000                 EXPORT           Reset_Handler             [WEAK
]
  132 00000000 4908            LDR              R1,=SYS_MODE_REG
  133 00000002 6808            LDR              R0,[R1]
  134 00000004 4A08            LDR              R2,=REMAP_BIT
  135 00000006 4310            ORRS             R0,R0,R2
  136 00000008 6008            STR              R0,[R1]
  137 0000000A         
  138 0000000A                 IMPORT           __main
  139 0000000A 4808            LDR              R0, = __main
  140 0000000C 4700            BX               R0
  141 0000000E                 ENDP
  142 0000000E         
  143 0000000E         ; Dummy Exception Handlers (infinite loops which can be 
                       modified)
  144 0000000E         
  145 0000000E         NMI_Handler
                               PROC
  146 0000000E                 EXPORT           NMI_Handler               [WEAK
]
  147 0000000E E7FE            B                .
  148 00000010                 ENDP
  150 00000010         HardFault_Handler
                               PROC
  151 00000010                 EXPORT           HardFault_Handler         [WEAK
]
  152 00000010 E7FE            B                .
  153 00000012                 ENDP
  155 00000012         MemManage_Handler
                               PROC
  156 00000012                 EXPORT           MemManage_Handler         [WEAK
]
  157 00000012 E7FE            B                .
  158 00000014                 ENDP
  160 00000014         BusFault_Handler
                               PROC
  161 00000014                 EXPORT           BusFault_Handler          [WEAK
]
  162 00000014 E7FE            B                .
  163 00000016                 ENDP
  165 00000016         UsageFault_Handler
                               PROC
  166 00000016                 EXPORT           UsageFault_Handler        [WEAK
]
  167 00000016 E7FE            B                .
  168 00000018                 ENDP
  169 00000018         SVC_Handler
                               PROC
  170 00000018                 EXPORT           SVC_Handler               [WEAK
]



ARM Macro Assembler    Page 5 


  171 00000018 E7FE            B                .
  172 0000001A                 ENDP
  174 0000001A         DebugMon_Handler
                               PROC
  175 0000001A                 EXPORT           DebugMon_Handler          [WEAK
]
  176 0000001A E7FE            B                .
  177 0000001C                 ENDP
  179 0000001C         PendSV_Handler
                               PROC
  180 0000001C                 EXPORT           PendSV_Handler            [WEAK
]
  181 0000001C E7FE            B                .
  182 0000001E                 ENDP
  184 0000001E         SysTick_Handler
                               PROC
  185 0000001E                 EXPORT           SysTick_Handler           [WEAK
]
  186 0000001E E7FE            B                .
  187 00000020                 ENDP
  188 00000020         
  189 00000020         Default_Handler
                               PROC
  190 00000020         ; ToDo:  Add here the export definition for the device s
                       pecific external interrupts handler
  191 00000020                 EXPORT           GPIO_IRQHandler           [WEAK
]
  192 00000020                 EXPORT           ACMP0_IRQHandler          [WEAK
]
  193 00000020                 EXPORT           ACMP1_IRQHandler          [WEAK
]
  194 00000020                 EXPORT           BLE_IRQHandler            [WEAK
]
  195 00000020                 EXPORT           RTC_CAP_IRQHandler        [WEAK
]
  196 00000020                 EXPORT           OSC_EN_IRQHandler         [WEAK
]
  197 00000020                 EXPORT           RTC_IRQHandler            [WEAK
]
  198 00000020                 EXPORT           ADC_IRQHandler            [WEAK
]
  199 00000020                 EXPORT           DMA_IRQHandler            [WEAK
]
  200 00000020                 EXPORT           UART0_TX_IRQHandler       [WEAK
]
  201 00000020                 EXPORT           UART0_RX_IRQHandler       [WEAK
]
  202 00000020                 EXPORT           SPI0_IRQHandler           [WEAK
]
  203 00000020                 EXPORT           UART1_TX_IRQHandler       [WEAK
]
  204 00000020                 EXPORT           UART1_RX_IRQHandler       [WEAK
]
  205 00000020                 EXPORT           SPI1_IRQHandler           [WEAK
]
  206 00000020                 EXPORT           I2C_IRQHandler            [WEAK
]
  207 00000020                 EXPORT           TIMER0_IRQHandler         [WEAK
]



ARM Macro Assembler    Page 6 


  208 00000020                 EXPORT           TIMER1_IRQHandler         [WEAK
]
  209 00000020                 EXPORT           TIMER2_IRQHandler         [WEAK
]
  210 00000020                 EXPORT           TIMER3_IRQHandler         [WEAK
]
  211 00000020                 EXPORT           WDT_IRQHandler            [WEAK
]
  212 00000020                 EXPORT           PWM0_IRQHandler           [WEAK
]
  213 00000020                 EXPORT           PWM1_IRQHandler           [WEAK
]
  214 00000020                 EXPORT           CALIB_IRQHandler          [WEAK
]
  215 00000020                 EXPORT           TUNER_RX_IRQHandler       [WEAK
]
  216 00000020                 EXPORT           TUNER_TX_IRQHandler       [WEAK
]
  217 00000020                 EXPORT           TUNER_SETTING_IRQHandler  [WEAK
]
  218 00000020         
  219 00000020         ; ToDo:  Add here the names for the device specific exte
                       rnal interrupts handler
  220 00000020         GPIO_IRQHandler
  221 00000020         ACMP0_IRQHandler
  222 00000020         ACMP1_IRQHandler
  223 00000020         BLE_IRQHandler
  224 00000020         RTC_CAP_IRQHandler
  225 00000020         OSC_EN_IRQHandler
  226 00000020         RTC_IRQHandler
  227 00000020         ADC_IRQHandler
  228 00000020         DMA_IRQHandler
  229 00000020         UART0_TX_IRQHandler
  230 00000020         UART0_RX_IRQHandler
  231 00000020         SPI0_IRQHandler
  232 00000020         UART1_TX_IRQHandler
  233 00000020         UART1_RX_IRQHandler
  234 00000020         SPI1_IRQHandler
  235 00000020         I2C_IRQHandler
  236 00000020         TIMER0_IRQHandler
  237 00000020         TIMER1_IRQHandler
  238 00000020         TIMER2_IRQHandler
  239 00000020         TIMER3_IRQHandler
  240 00000020         WDT_IRQHandler
  241 00000020         PWM0_IRQHandler
  242 00000020         PWM1_IRQHandler
  243 00000020         CALIB_IRQHandler
  244 00000020         TUNER_RX_IRQHandler
  245 00000020         TUNER_TX_IRQHandler
  246 00000020         TUNER_SETTING_IRQHandler
  247 00000020         
  248 00000020 E7FE            B                .
  249 00000022                 ENDP
  250 00000022         
  251 00000022         
  252 00000022 00 00           ALIGN
  253 00000024         
  254 00000024         
  255 00000024         ; User Initial Stack & Heap



ARM Macro Assembler    Page 7 


  256 00000024         
  257 00000024                 IF               :DEF:__MICROLIB
  258 00000024         
  259 00000024                 EXPORT           __initial_sp
  260 00000024                 EXPORT           __heap_base
  261 00000024                 EXPORT           __heap_limit
  262 00000024         
  263 00000024                 ELSE
  278                          ENDIF
  279 00000024         
  280 00000024         
  281 00000024                 END
              40000080 
              40000000 
              00000000 
Command Line: --16 --debug --xref --diag_suppress=9931 --cpu=Cortex-M0 --apcs=i
nterwork --depend=.\obj\startup.d -o.\obj\startup.o -IC:\Freescale\Keil_v5\ARM\
RV31\INC -IC:\Freescale\Keil_v5\ARM\CMSIS\Include -IC:\Freescale\Keil_v5\ARM\In
c\Quintic\QN9020 --predefine="__MICROLIB SETA 1" --predefine="__UVISION_VERSION
 SETA 515" --list=.\startup.lst ..\..\src\startup\keil\startup.s



ARM Macro Assembler    Page 1 Alphabetic symbol ordering
Relocatable symbols

STACK 00000000

Symbol: STACK
   Definitions
      At line 42 in file ..\..\src\startup\keil\startup.s
   Uses
      None
Comment: STACK unused
Stack_Mem 00000000

Symbol: Stack_Mem
   Definitions
      At line 43 in file ..\..\src\startup\keil\startup.s
   Uses
      None
Comment: Stack_Mem unused
__initial_sp 00000200

Symbol: __initial_sp
   Definitions
      At line 44 in file ..\..\src\startup\keil\startup.s
   Uses
      At line 70 in file ..\..\src\startup\keil\startup.s
      At line 259 in file ..\..\src\startup\keil\startup.s

3 symbols



ARM Macro Assembler    Page 1 Alphabetic symbol ordering
Relocatable symbols

HEAP 00000000

Symbol: HEAP
   Definitions
      At line 53 in file ..\..\src\startup\keil\startup.s
   Uses
      None
Comment: HEAP unused
Heap_Mem 00000000

Symbol: Heap_Mem
   Definitions
      At line 55 in file ..\..\src\startup\keil\startup.s
   Uses
      None
Comment: Heap_Mem unused
__heap_base 00000000

Symbol: __heap_base
   Definitions
      At line 54 in file ..\..\src\startup\keil\startup.s
   Uses
      At line 260 in file ..\..\src\startup\keil\startup.s
Comment: __heap_base used once
__heap_limit 00000000

Symbol: __heap_limit
   Definitions
      At line 56 in file ..\..\src\startup\keil\startup.s
   Uses
      At line 261 in file ..\..\src\startup\keil\startup.s
Comment: __heap_limit used once
4 symbols



ARM Macro Assembler    Page 1 Alphabetic symbol ordering
Relocatable symbols

RESET 00000000

Symbol: RESET
   Definitions
      At line 65 in file ..\..\src\startup\keil\startup.s
   Uses
      None
Comment: RESET unused
__Vectors 00000000

Symbol: __Vectors
   Definitions
      At line 70 in file ..\..\src\startup\keil\startup.s
   Uses
      At line 66 in file ..\..\src\startup\keil\startup.s
      At line 123 in file ..\..\src\startup\keil\startup.s

__Vectors_End 000000C0

Symbol: __Vectors_End
   Definitions
      At line 121 in file ..\..\src\startup\keil\startup.s
   Uses
      At line 67 in file ..\..\src\startup\keil\startup.s
      At line 123 in file ..\..\src\startup\keil\startup.s

3 symbols



ARM Macro Assembler    Page 1 Alphabetic symbol ordering
Relocatable symbols

.text 00000000

Symbol: .text
   Definitions
      At line 125 in file ..\..\src\startup\keil\startup.s
   Uses
      None
Comment: .text unused
ACMP0_IRQHandler 00000020

Symbol: ACMP0_IRQHandler
   Definitions
      At line 221 in file ..\..\src\startup\keil\startup.s
   Uses
      At line 90 in file ..\..\src\startup\keil\startup.s
      At line 192 in file ..\..\src\startup\keil\startup.s

ACMP1_IRQHandler 00000020

Symbol: ACMP1_IRQHandler
   Definitions
      At line 222 in file ..\..\src\startup\keil\startup.s
   Uses
      At line 91 in file ..\..\src\startup\keil\startup.s
      At line 193 in file ..\..\src\startup\keil\startup.s

ADC_IRQHandler 00000020

Symbol: ADC_IRQHandler
   Definitions
      At line 227 in file ..\..\src\startup\keil\startup.s
   Uses
      At line 96 in file ..\..\src\startup\keil\startup.s
      At line 198 in file ..\..\src\startup\keil\startup.s

BLE_IRQHandler 00000020

Symbol: BLE_IRQHandler
   Definitions
      At line 223 in file ..\..\src\startup\keil\startup.s
   Uses
      At line 92 in file ..\..\src\startup\keil\startup.s
      At line 194 in file ..\..\src\startup\keil\startup.s

BusFault_Handler 00000014

Symbol: BusFault_Handler
   Definitions
      At line 160 in file ..\..\src\startup\keil\startup.s
   Uses
      At line 75 in file ..\..\src\startup\keil\startup.s
      At line 161 in file ..\..\src\startup\keil\startup.s

CALIB_IRQHandler 00000020

Symbol: CALIB_IRQHandler
   Definitions
      At line 243 in file ..\..\src\startup\keil\startup.s
   Uses



ARM Macro Assembler    Page 2 Alphabetic symbol ordering
Relocatable symbols

      At line 115 in file ..\..\src\startup\keil\startup.s
      At line 214 in file ..\..\src\startup\keil\startup.s

DMA_IRQHandler 00000020

Symbol: DMA_IRQHandler
   Definitions
      At line 228 in file ..\..\src\startup\keil\startup.s
   Uses
      At line 97 in file ..\..\src\startup\keil\startup.s
      At line 199 in file ..\..\src\startup\keil\startup.s

DebugMon_Handler 0000001A

Symbol: DebugMon_Handler
   Definitions
      At line 174 in file ..\..\src\startup\keil\startup.s
   Uses
      At line 82 in file ..\..\src\startup\keil\startup.s
      At line 175 in file ..\..\src\startup\keil\startup.s

Default_Handler 00000020

Symbol: Default_Handler
   Definitions
      At line 189 in file ..\..\src\startup\keil\startup.s
   Uses
      None
Comment: Default_Handler unused
GPIO_IRQHandler 00000020

Symbol: GPIO_IRQHandler
   Definitions
      At line 220 in file ..\..\src\startup\keil\startup.s
   Uses
      At line 89 in file ..\..\src\startup\keil\startup.s
      At line 191 in file ..\..\src\startup\keil\startup.s

HardFault_Handler 00000010

Symbol: HardFault_Handler
   Definitions
      At line 150 in file ..\..\src\startup\keil\startup.s
   Uses
      At line 73 in file ..\..\src\startup\keil\startup.s
      At line 151 in file ..\..\src\startup\keil\startup.s

I2C_IRQHandler 00000020

Symbol: I2C_IRQHandler
   Definitions
      At line 235 in file ..\..\src\startup\keil\startup.s
   Uses
      At line 107 in file ..\..\src\startup\keil\startup.s
      At line 206 in file ..\..\src\startup\keil\startup.s

MemManage_Handler 00000012

Symbol: MemManage_Handler



ARM Macro Assembler    Page 3 Alphabetic symbol ordering
Relocatable symbols

   Definitions
      At line 155 in file ..\..\src\startup\keil\startup.s
   Uses
      At line 74 in file ..\..\src\startup\keil\startup.s
      At line 156 in file ..\..\src\startup\keil\startup.s

NMI_Handler 0000000E

Symbol: NMI_Handler
   Definitions
      At line 145 in file ..\..\src\startup\keil\startup.s
   Uses
      At line 72 in file ..\..\src\startup\keil\startup.s
      At line 146 in file ..\..\src\startup\keil\startup.s

OSC_EN_IRQHandler 00000020

Symbol: OSC_EN_IRQHandler
   Definitions
      At line 225 in file ..\..\src\startup\keil\startup.s
   Uses
      At line 94 in file ..\..\src\startup\keil\startup.s
      At line 196 in file ..\..\src\startup\keil\startup.s

PWM0_IRQHandler 00000020

Symbol: PWM0_IRQHandler
   Definitions
      At line 241 in file ..\..\src\startup\keil\startup.s
   Uses
      At line 113 in file ..\..\src\startup\keil\startup.s
      At line 212 in file ..\..\src\startup\keil\startup.s

PWM1_IRQHandler 00000020

Symbol: PWM1_IRQHandler
   Definitions
      At line 242 in file ..\..\src\startup\keil\startup.s
   Uses
      At line 114 in file ..\..\src\startup\keil\startup.s
      At line 213 in file ..\..\src\startup\keil\startup.s

PendSV_Handler 0000001C

Symbol: PendSV_Handler
   Definitions
      At line 179 in file ..\..\src\startup\keil\startup.s
   Uses
      At line 84 in file ..\..\src\startup\keil\startup.s
      At line 180 in file ..\..\src\startup\keil\startup.s

RTC_CAP_IRQHandler 00000020

Symbol: RTC_CAP_IRQHandler
   Definitions
      At line 224 in file ..\..\src\startup\keil\startup.s
   Uses
      At line 93 in file ..\..\src\startup\keil\startup.s
      At line 195 in file ..\..\src\startup\keil\startup.s



ARM Macro Assembler    Page 4 Alphabetic symbol ordering
Relocatable symbols


RTC_IRQHandler 00000020

Symbol: RTC_IRQHandler
   Definitions
      At line 226 in file ..\..\src\startup\keil\startup.s
   Uses
      At line 95 in file ..\..\src\startup\keil\startup.s
      At line 197 in file ..\..\src\startup\keil\startup.s

Reset_Handler 00000000

Symbol: Reset_Handler
   Definitions
      At line 130 in file ..\..\src\startup\keil\startup.s
   Uses
      At line 71 in file ..\..\src\startup\keil\startup.s
      At line 131 in file ..\..\src\startup\keil\startup.s

SPI0_IRQHandler 00000020

Symbol: SPI0_IRQHandler
   Definitions
      At line 231 in file ..\..\src\startup\keil\startup.s
   Uses
      At line 101 in file ..\..\src\startup\keil\startup.s
      At line 102 in file ..\..\src\startup\keil\startup.s
      At line 202 in file ..\..\src\startup\keil\startup.s

SPI1_IRQHandler 00000020

Symbol: SPI1_IRQHandler
   Definitions
      At line 234 in file ..\..\src\startup\keil\startup.s
   Uses
      At line 105 in file ..\..\src\startup\keil\startup.s
      At line 106 in file ..\..\src\startup\keil\startup.s
      At line 205 in file ..\..\src\startup\keil\startup.s

SVC_Handler 00000018

Symbol: SVC_Handler
   Definitions
      At line 169 in file ..\..\src\startup\keil\startup.s
   Uses
      At line 81 in file ..\..\src\startup\keil\startup.s
      At line 170 in file ..\..\src\startup\keil\startup.s

SysTick_Handler 0000001E

Symbol: SysTick_Handler
   Definitions
      At line 184 in file ..\..\src\startup\keil\startup.s
   Uses
      At line 85 in file ..\..\src\startup\keil\startup.s
      At line 185 in file ..\..\src\startup\keil\startup.s

TIMER0_IRQHandler 00000020




ARM Macro Assembler    Page 5 Alphabetic symbol ordering
Relocatable symbols

Symbol: TIMER0_IRQHandler
   Definitions
      At line 236 in file ..\..\src\startup\keil\startup.s
   Uses
      At line 108 in file ..\..\src\startup\keil\startup.s
      At line 207 in file ..\..\src\startup\keil\startup.s

TIMER1_IRQHandler 00000020

Symbol: TIMER1_IRQHandler
   Definitions
      At line 237 in file ..\..\src\startup\keil\startup.s
   Uses
      At line 109 in file ..\..\src\startup\keil\startup.s
      At line 208 in file ..\..\src\startup\keil\startup.s

TIMER2_IRQHandler 00000020

Symbol: TIMER2_IRQHandler
   Definitions
      At line 238 in file ..\..\src\startup\keil\startup.s
   Uses
      At line 110 in file ..\..\src\startup\keil\startup.s
      At line 209 in file ..\..\src\startup\keil\startup.s

TIMER3_IRQHandler 00000020

Symbol: TIMER3_IRQHandler
   Definitions
      At line 239 in file ..\..\src\startup\keil\startup.s
   Uses
      At line 111 in file ..\..\src\startup\keil\startup.s
      At line 210 in file ..\..\src\startup\keil\startup.s

TUNER_RX_IRQHandler 00000020

Symbol: TUNER_RX_IRQHandler
   Definitions
      At line 244 in file ..\..\src\startup\keil\startup.s
   Uses
      At line 118 in file ..\..\src\startup\keil\startup.s
      At line 215 in file ..\..\src\startup\keil\startup.s

TUNER_SETTING_IRQHandler 00000020

Symbol: TUNER_SETTING_IRQHandler
   Definitions
      At line 246 in file ..\..\src\startup\keil\startup.s
   Uses
      At line 120 in file ..\..\src\startup\keil\startup.s
      At line 217 in file ..\..\src\startup\keil\startup.s

TUNER_TX_IRQHandler 00000020

Symbol: TUNER_TX_IRQHandler
   Definitions
      At line 245 in file ..\..\src\startup\keil\startup.s
   Uses
      At line 119 in file ..\..\src\startup\keil\startup.s



ARM Macro Assembler    Page 6 Alphabetic symbol ordering
Relocatable symbols

      At line 216 in file ..\..\src\startup\keil\startup.s

UART0_RX_IRQHandler 00000020

Symbol: UART0_RX_IRQHandler
   Definitions
      At line 230 in file ..\..\src\startup\keil\startup.s
   Uses
      At line 100 in file ..\..\src\startup\keil\startup.s
      At line 201 in file ..\..\src\startup\keil\startup.s

UART0_TX_IRQHandler 00000020

Symbol: UART0_TX_IRQHandler
   Definitions
      At line 229 in file ..\..\src\startup\keil\startup.s
   Uses
      At line 99 in file ..\..\src\startup\keil\startup.s
      At line 200 in file ..\..\src\startup\keil\startup.s

UART1_RX_IRQHandler 00000020

Symbol: UART1_RX_IRQHandler
   Definitions
      At line 233 in file ..\..\src\startup\keil\startup.s
   Uses
      At line 104 in file ..\..\src\startup\keil\startup.s
      At line 204 in file ..\..\src\startup\keil\startup.s

UART1_TX_IRQHandler 00000020

Symbol: UART1_TX_IRQHandler
   Definitions
      At line 232 in file ..\..\src\startup\keil\startup.s
   Uses
      At line 103 in file ..\..\src\startup\keil\startup.s
      At line 203 in file ..\..\src\startup\keil\startup.s

UsageFault_Handler 00000016

Symbol: UsageFault_Handler
   Definitions
      At line 165 in file ..\..\src\startup\keil\startup.s
   Uses
      At line 76 in file ..\..\src\startup\keil\startup.s
      At line 166 in file ..\..\src\startup\keil\startup.s

WDT_IRQHandler 00000020

Symbol: WDT_IRQHandler
   Definitions
      At line 240 in file ..\..\src\startup\keil\startup.s
   Uses
      At line 112 in file ..\..\src\startup\keil\startup.s
      At line 211 in file ..\..\src\startup\keil\startup.s

39 symbols



ARM Macro Assembler    Page 1 Alphabetic symbol ordering
Absolute symbols

Heap_Size 00000000

Symbol: Heap_Size
   Definitions
      At line 51 in file ..\..\src\startup\keil\startup.s
   Uses
      At line 55 in file ..\..\src\startup\keil\startup.s
Comment: Heap_Size used once
REMAP_BIT 40000000

Symbol: REMAP_BIT
   Definitions
      At line 34 in file ..\..\src\startup\keil\startup.s
   Uses
      At line 134 in file ..\..\src\startup\keil\startup.s
Comment: REMAP_BIT used once
SYS_MODE_REG 40000080

Symbol: SYS_MODE_REG
   Definitions
      At line 33 in file ..\..\src\startup\keil\startup.s
   Uses
      At line 132 in file ..\..\src\startup\keil\startup.s
Comment: SYS_MODE_REG used once
Stack_Size 00000200

Symbol: Stack_Size
   Definitions
      At line 40 in file ..\..\src\startup\keil\startup.s
   Uses
      At line 43 in file ..\..\src\startup\keil\startup.s
Comment: Stack_Size used once
__Vectors_Size 000000C0

Symbol: __Vectors_Size
   Definitions
      At line 123 in file ..\..\src\startup\keil\startup.s
   Uses
      At line 68 in file ..\..\src\startup\keil\startup.s
Comment: __Vectors_Size used once
5 symbols



ARM Macro Assembler    Page 1 Alphabetic symbol ordering
External symbols

__main 00000000

Symbol: __main
   Definitions
      At line 138 in file ..\..\src\startup\keil\startup.s
   Uses
      At line 139 in file ..\..\src\startup\keil\startup.s
Comment: __main used once
1 symbol
389 symbols in table
